Using pre-set license
Built from '2020.3/staging' branch; Version is '2020.3.10f1 (297d780c91bc) revision 2719096'; Using compiler version '192528614'; Build Type 'Release'
OS: 'Windows 10 Home Single Language; OS build 19042.1348; Version 2009; 64bit' Language: 'en' Physical Memory: 8061 MB
BatchMode: 1, IsHumanControllingUs: 0, StartBugReporterOnCrash: 0, Is64bit: 1, IsPro: 0

 COMMAND LINE ARGUMENTS:
C:\Program Files\Unity\Hub\Editor\2020.3.10f1\Editor\Unity.exe
-adb2
-batchMode
-noUpm
-name
AssetImportWorker0
-projectPath
D:/Unity stuff/Repos/Prac
-logFile
Logs/AssetImportWorker0.log
-srvPort
62026
Successfully changed project path to: D:/Unity stuff/Repos/Prac
D:/Unity stuff/Repos/Prac
Using Asset Import Pipeline V2.
Refreshing native plugins compatible for Editor in 112.77 ms, found 5 plugins.
Preloading 0 native plugins for Editor in 0.00 ms.
Initialize engine version: 2020.3.10f1 (297d780c91bc)
[Subsystems] Discovering subsystems at path C:/Program Files/Unity/Hub/Editor/2020.3.10f1/Editor/Data/Resources/UnitySubsystems
[Subsystems] Discovering subsystems at path D:/Unity stuff/Repos/Prac/Assets
GfxDevice: creating device client; threaded=0
Direct3D:
    Version:  Direct3D 11.0 [level 11.1]
    Renderer: NVIDIA GeForce GTX 1650 (ID=0x1f99)
    Vendor:   
    VRAM:     3962 MB
    Driver:   30.0.14.7111
Shader 'Universal Render Pipeline/Particles/Lit': fallback shader 'Universal Render Pipeline/Particles/SimpleLit' not found
Initialize mono
Mono path[0] = 'C:/Program Files/Unity/Hub/Editor/2020.3.10f1/Editor/Data/Managed'
Mono path[1] = 'C:/Program Files/Unity/Hub/Editor/2020.3.10f1/Editor/Data/MonoBleedingEdge/lib/mono/unityjit'
Mono config path = 'C:/Program Files/Unity/Hub/Editor/2020.3.10f1/Editor/Data/MonoBleedingEdge/etc'
Using monoOptions --debugger-agent=transport=dt_socket,embedding=1,server=y,suspend=n,address=127.0.0.1:56296
Begin MonoManager ReloadAssembly
Registering precompiled unity dll's ...
Register platform support module: C:/Program Files/Unity/Hub/Editor/2020.3.10f1/Editor/Data/PlaybackEngines/WebGLSupport/UnityEditor.WebGL.Extensions.dll
Register platform support module: C:/Program Files/Unity/Hub/Editor/2020.3.10f1/Editor/Data/PlaybackEngines/WindowsStandaloneSupport/UnityEditor.WindowsStandalone.Extensions.dll
Registered in 0.003973 seconds.
Native extension for WindowsStandalone target not found
Native extension for WebGL target not found
Refreshing native plugins compatible for Editor in 172.50 ms, found 5 plugins.
Preloading 0 native plugins for Editor in 0.00 ms.
Mono: successfully reloaded assembly
- Completed reload, in  3.607 seconds
Platform modules already initialized, skipping
Registering precompiled user dll's ...
Registered in 0.013608 seconds.
Begin MonoManager ReloadAssembly
Native extension for WindowsStandalone target not found
Native extension for WebGL target not found
Refreshing native plugins compatible for Editor in 154.77 ms, found 5 plugins.
Preloading 0 native plugins for Editor in 0.00 ms.
Mono: successfully reloaded assembly
- Completed reload, in  2.315 seconds
Platform modules already initialized, skipping
========================================================================
Worker process is ready to serve import requests
Shader 'Universal Render Pipeline/Particles/Lit': fallback shader 'Universal Render Pipeline/Particles/SimpleLit' not found
Launched and connected shader compiler UnityShaderCompiler.exe after 0.18 seconds
Refreshing native plugins compatible for Editor in 1.33 ms, found 5 plugins.
Preloading 0 native plugins for Editor in 0.00 ms.
Unloading 2889 Unused Serialized files (Serialized files now loaded: 0)
System memory in use before: 222.3 MB.
System memory in use after: 222.5 MB.

Unloading 26 unused Assets to reduce memory usage. Loaded Objects now: 3348.
Total: 3.530200 ms (FindLiveObjects: 0.360900 ms CreateObjectMapping: 0.111900 ms MarkObjects: 2.943000 ms  DeleteObjects: 0.112200 ms)

========================================================================
Received Import Request.
  path: Assets/Prefabs/new scene/enemy_mod.prefab
  artifactKey: Guid(32e74ebedc005bc40a18fc9eb596d5e0) Importer(815301076,1909f56bfc062723c751e8b465ee728b)
Start importing Assets/Prefabs/new scene/enemy_mod.prefab using Guid(32e74ebedc005bc40a18fc9eb596d5e0) Importer(815301076,1909f56bfc062723c751e8b465ee728b)  -> (artifact id: 'e8e84c296f4c8e26f9f73a772e675a83') in 0.759263 seconds
  Import took 0.790920 seconds .

========================================================================
Received Import Request.
  Time since last request: 81.158001 seconds.
  path: Assets/sprites/fog.mat
  artifactKey: Guid(346da6e980046be44807c7077dfe9b7e) Importer(815301076,1909f56bfc062723c751e8b465ee728b)
Start importing Assets/sprites/fog.mat using Guid(346da6e980046be44807c7077dfe9b7e) Importer(815301076,1909f56bfc062723c751e8b465ee728b)  -> (artifact id: '8321b227ebeeb7c363f6db7e7aa1aa60') in 0.089661 seconds
  Import took 0.125517 seconds .

========================================================================
Received Import Request.
  Time since last request: 0.002033 seconds.
  path: Assets/sprites/fog.mat
  artifactKey: Guid(346da6e980046be44807c7077dfe9b7e) Importer(815301076,1909f56bfc062723c751e8b465ee728b)
Start importing Assets/sprites/fog.mat using Guid(346da6e980046be44807c7077dfe9b7e) Importer(815301076,1909f56bfc062723c751e8b465ee728b)  -> (artifact id: '8321b227ebeeb7c363f6db7e7aa1aa60') in 0.023554 seconds
  Import took 0.033129 seconds .

========================================================================
Received Import Request.
  Time since last request: 1.346250 seconds.
  path: Assets/shaders/stylized_water.mat
  artifactKey: Guid(127b991336c2d8348b3606b05143df18) Importer(815301076,1909f56bfc062723c751e8b465ee728b)
Start importing Assets/shaders/stylized_water.mat using Guid(127b991336c2d8348b3606b05143df18) Importer(815301076,1909f56bfc062723c751e8b465ee728b)  -> (artifact id: 'f76285914f992beb9504a35b20166a09') in 0.067004 seconds
  Import took 0.109203 seconds .

========================================================================
Received Import Request.
  Time since last request: 1564.666393 seconds.
  path: Assets/CasualGameSounds/DM-CGS-01.wav
  artifactKey: Guid(32d4b1811dda14a6cb9e059ee8ad17d2) Importer(815301076,1909f56bfc062723c751e8b465ee728b)
Start importing Assets/CasualGameSounds/DM-CGS-01.wav using Guid(32d4b1811dda14a6cb9e059ee8ad17d2) Importer(815301076,1909f56bfc062723c751e8b465ee728b)  -> (artifact id: 'ccbec5ec319cb218bd42f36f86cda007') in 0.109023 seconds
  Import took 0.190584 seconds .

========================================================================
Received Import Request.
  Time since last request: 0.000547 seconds.
  path: Assets/CasualGameSounds/DM-CGS-07.wav
  artifactKey: Guid(2c5292ba5cf254919a6b9e2b18e04f49) Importer(815301076,1909f56bfc062723c751e8b465ee728b)
Start importing Assets/CasualGameSounds/DM-CGS-07.wav using Guid(2c5292ba5cf254919a6b9e2b18e04f49) Importer(815301076,1909f56bfc062723c751e8b465ee728b)  -> (artifact id: 'ecae25d7e5acc0592496f2fe95473e57') in 0.040452 seconds
  Import took 0.084253 seconds .

========================================================================
Received Import Request.
  Time since last request: 0.000616 seconds.
  path: Assets/CasualGameSounds/DM-CGS-08.wav
  artifactKey: Guid(4e1ff8faed12a475eba9be0e46072269) Importer(815301076,1909f56bfc062723c751e8b465ee728b)
Start importing Assets/CasualGameSounds/DM-CGS-08.wav using Guid(4e1ff8faed12a475eba9be0e46072269) Importer(815301076,1909f56bfc062723c751e8b465ee728b)  -> (artifact id: '8e5f1b9bf9273855625a11274ab8c819') in 0.035865 seconds
  Import took 0.063199 seconds .

========================================================================
Received Import Request.
  Time since last request: 0.000494 seconds.
  path: Assets/CasualGameSounds/DM-CGS-04.wav
  artifactKey: Guid(c5e2a73ad4706440f93bf05df0b465fe) Importer(815301076,1909f56bfc062723c751e8b465ee728b)
Start importing Assets/CasualGameSounds/DM-CGS-04.wav using Guid(c5e2a73ad4706440f93bf05df0b465fe) Importer(815301076,1909f56bfc062723c751e8b465ee728b)  -> (artifact id: '9724305a8aa83d3761a8c11e7516854f') in 0.029425 seconds
  Import took 0.067777 seconds .

========================================================================
Received Import Request.
  Time since last request: 0.000778 seconds.
  path: Assets/CasualGameSounds/DM-CGS-05.wav
  artifactKey: Guid(b99da9a57308d4ba1bee1cf1d9038376) Importer(815301076,1909f56bfc062723c751e8b465ee728b)
Start importing Assets/CasualGameSounds/DM-CGS-05.wav using Guid(b99da9a57308d4ba1bee1cf1d9038376) Importer(815301076,1909f56bfc062723c751e8b465ee728b)  -> (artifact id: '358a71f6f2d17f6f61c2b2628ebb211f') in 0.025432 seconds
  Import took 0.038191 seconds .

========================================================================
Received Import Request.
  Time since last request: 0.000661 seconds.
  path: Assets/CasualGameSounds/DM-CGS-09.wav
  artifactKey: Guid(ff5f85da24bc943d1abdc5760a22bc81) Importer(815301076,1909f56bfc062723c751e8b465ee728b)
Start importing Assets/CasualGameSounds/DM-CGS-09.wav using Guid(ff5f85da24bc943d1abdc5760a22bc81) Importer(815301076,1909f56bfc062723c751e8b465ee728b)  -> (artifact id: '9db766db42b55bf5920231542fcd2415') in 0.032790 seconds
  Import took 0.070408 seconds .

========================================================================
Received Import Request.
  Time since last request: 0.000527 seconds.
  path: Assets/CasualGameSounds/DM-CGS-03.wav
  artifactKey: Guid(19f89c6e740e7447f9e12a8310d3e973) Importer(815301076,1909f56bfc062723c751e8b465ee728b)
Start importing Assets/CasualGameSounds/DM-CGS-03.wav using Guid(19f89c6e740e7447f9e12a8310d3e973) Importer(815301076,1909f56bfc062723c751e8b465ee728b)  -> (artifact id: 'd8a163c486e987a43693c3e72359d497') in 0.028447 seconds
  Import took 0.057490 seconds .

========================================================================
Received Import Request.
  Time since last request: 0.000695 seconds.
  path: Assets/CasualGameSounds/DM-CGS-06.wav
  artifactKey: Guid(a235d590ef2a04d1b85b61ef4c21337c) Importer(815301076,1909f56bfc062723c751e8b465ee728b)
Start importing Assets/CasualGameSounds/DM-CGS-06.wav using Guid(a235d590ef2a04d1b85b61ef4c21337c) Importer(815301076,1909f56bfc062723c751e8b465ee728b)  -> (artifact id: '930c757fbc1c9f0bdcf8e8f7ad9fdd4e') in 0.031658 seconds
  Import took 0.083040 seconds .

========================================================================
Received Import Request.
  Time since last request: 0.000528 seconds.
  path: Assets/CasualGameSounds/DM-CGS-02.wav
  artifactKey: Guid(dc6614beca09347ec9b258f12d154bdd) Importer(815301076,1909f56bfc062723c751e8b465ee728b)
Start importing Assets/CasualGameSounds/DM-CGS-02.wav using Guid(dc6614beca09347ec9b258f12d154bdd) Importer(815301076,1909f56bfc062723c751e8b465ee728b)  -> (artifact id: '1e585a791d5951bbf323b07149cf08fd') in 0.027343 seconds
  Import took 0.059029 seconds .

========================================================================
Received Import Request.
  Time since last request: 9.735434 seconds.
  path: Assets/CasualGameSounds/DM-CGS-10.wav
  artifactKey: Guid(cabfae866cab347928b74b7d0ca6bfa9) Importer(815301076,1909f56bfc062723c751e8b465ee728b)
Start importing Assets/CasualGameSounds/DM-CGS-10.wav using Guid(cabfae866cab347928b74b7d0ca6bfa9) Importer(815301076,1909f56bfc062723c751e8b465ee728b)  -> (artifact id: 'ee6fcc3000c96d2d17a8e7b148962e8c') in 0.025704 seconds
  Import took 0.058485 seconds .

========================================================================
Received Import Request.
  Time since last request: 0.000502 seconds.
  path: Assets/CasualGameSounds/DM-CGS-11.wav
  artifactKey: Guid(a0010a1a0c474473b81729eb770c485f) Importer(815301076,1909f56bfc062723c751e8b465ee728b)
Start importing Assets/CasualGameSounds/DM-CGS-11.wav using Guid(a0010a1a0c474473b81729eb770c485f) Importer(815301076,1909f56bfc062723c751e8b465ee728b)  -> (artifact id: 'dbb090aba48a094dd70801c63504956a') in 0.022369 seconds
  Import took 0.054387 seconds .

========================================================================
Received Import Request.
  Time since last request: 5.508178 seconds.
  path: Assets/CasualGameSounds/DM-CGS-12.wav
  artifactKey: Guid(7478151cf36724a7dada558f746c3633) Importer(815301076,1909f56bfc062723c751e8b465ee728b)
Start importing Assets/CasualGameSounds/DM-CGS-12.wav using Guid(7478151cf36724a7dada558f746c3633) Importer(815301076,1909f56bfc062723c751e8b465ee728b)  -> (artifact id: 'ac8c52f3d4991c39fccb3de96fbc81c5') in 0.022190 seconds
  Import took 0.076361 seconds .

========================================================================
Received Import Request.
  Time since last request: 0.000382 seconds.
  path: Assets/CasualGameSounds/DM-CGS-13.wav
  artifactKey: Guid(72127805eb2bc4e7fbf2e02eca266cfa) Importer(815301076,1909f56bfc062723c751e8b465ee728b)
Start importing Assets/CasualGameSounds/DM-CGS-13.wav using Guid(72127805eb2bc4e7fbf2e02eca266cfa) Importer(815301076,1909f56bfc062723c751e8b465ee728b)  -> (artifact id: '9ae17b83a20bc4eaa97c9caba168477a') in 0.021387 seconds
  Import took 0.036331 seconds .

========================================================================
Received Import Request.
  Time since last request: 2.895915 seconds.
  path: Assets/CasualGameSounds/DM-CGS-14.wav
  artifactKey: Guid(b6428d4edb06344ba829da4edd9967c1) Importer(815301076,1909f56bfc062723c751e8b465ee728b)
Start importing Assets/CasualGameSounds/DM-CGS-14.wav using Guid(b6428d4edb06344ba829da4edd9967c1) Importer(815301076,1909f56bfc062723c751e8b465ee728b)  -> (artifact id: '5143a0d13066ae7c00e901a5fea348d6') in 0.026858 seconds
  Import took 0.097925 seconds .

========================================================================
Received Import Request.
  Time since last request: 0.000288 seconds.
  path: Assets/CasualGameSounds/DM-CGS-16.wav
  artifactKey: Guid(724131bc8a7f34041bb9f1701f0cb58d) Importer(815301076,1909f56bfc062723c751e8b465ee728b)
Start importing Assets/CasualGameSounds/DM-CGS-16.wav using Guid(724131bc8a7f34041bb9f1701f0cb58d) Importer(815301076,1909f56bfc062723c751e8b465ee728b)  -> (artifact id: 'ba17870f20f8b3016ba1b2f3d0322d5e') in 0.020221 seconds
  Import took 0.054903 seconds .

========================================================================
Received Import Request.
  Time since last request: 0.000417 seconds.
  path: Assets/CasualGameSounds/DM-CGS-17.wav
  artifactKey: Guid(b9eff218e132a4e76be78840eca96fb2) Importer(815301076,1909f56bfc062723c751e8b465ee728b)
Start importing Assets/CasualGameSounds/DM-CGS-17.wav using Guid(b9eff218e132a4e76be78840eca96fb2) Importer(815301076,1909f56bfc062723c751e8b465ee728b)  -> (artifact id: '4144c020fbac9712cf267a63d59a7538') in 0.023826 seconds
  Import took 0.097898 seconds .

========================================================================
Received Import Request.
  Time since last request: 0.000444 seconds.
  path: Assets/CasualGameSounds/DM-CGS-15.wav
  artifactKey: Guid(0c008ee3ee72a4362a35be25fa5de043) Importer(815301076,1909f56bfc062723c751e8b465ee728b)
Start importing Assets/CasualGameSounds/DM-CGS-15.wav using Guid(0c008ee3ee72a4362a35be25fa5de043) Importer(815301076,1909f56bfc062723c751e8b465ee728b)  -> (artifact id: '099e2e50f8b4d3eda2d87ab9c8287693') in 0.022681 seconds
  Import took 0.055217 seconds .

========================================================================
Received Import Request.
  Time since last request: 3.336297 seconds.
  path: Assets/CasualGameSounds/DM-CGS-18.wav
  artifactKey: Guid(2667a0a008b044e218b63df62e2be749) Importer(815301076,1909f56bfc062723c751e8b465ee728b)
Start importing Assets/CasualGameSounds/DM-CGS-18.wav using Guid(2667a0a008b044e218b63df62e2be749) Importer(815301076,1909f56bfc062723c751e8b465ee728b)  -> (artifact id: '3eaed9f159e6c1c849c9dd1d41bf954b') in 0.024496 seconds
  Import took 0.079826 seconds .

========================================================================
Received Import Request.
  Time since last request: 0.000469 seconds.
  path: Assets/CasualGameSounds/DM-CGS-19.wav
  artifactKey: Guid(81652031b64c342cc8dbc59c138d77c5) Importer(815301076,1909f56bfc062723c751e8b465ee728b)
Start importing Assets/CasualGameSounds/DM-CGS-19.wav using Guid(81652031b64c342cc8dbc59c138d77c5) Importer(815301076,1909f56bfc062723c751e8b465ee728b)  -> (artifact id: '6f70dbdc8bdec98988ba146eb40dff3f') in 0.023905 seconds
  Import took 0.069963 seconds .

========================================================================
Received Import Request.
  Time since last request: 4.880857 seconds.
  path: Assets/CasualGameSounds/DM-CGS-20.wav
  artifactKey: Guid(6e8772b49f34d402a90016ed445d8a2f) Importer(815301076,1909f56bfc062723c751e8b465ee728b)
Start importing Assets/CasualGameSounds/DM-CGS-20.wav using Guid(6e8772b49f34d402a90016ed445d8a2f) Importer(815301076,1909f56bfc062723c751e8b465ee728b)  -> (artifact id: '39ad3ac27cf16b1b22195180e9cad240') in 0.025446 seconds
  Import took 0.091504 seconds .

========================================================================
Received Import Request.
  Time since last request: 0.000440 seconds.
  path: Assets/CasualGameSounds/DM-CGS-21.wav
  artifactKey: Guid(ffb159a21c8a04135a5616979c828fab) Importer(815301076,1909f56bfc062723c751e8b465ee728b)
Start importing Assets/CasualGameSounds/DM-CGS-21.wav using Guid(ffb159a21c8a04135a5616979c828fab) Importer(815301076,1909f56bfc062723c751e8b465ee728b)  -> (artifact id: '9b09ebde3132dc25e2135902450cb2e0') in 0.035361 seconds
  Import took 0.113433 seconds .

========================================================================
Received Import Request.
  Time since last request: 0.014286 seconds.
  path: Assets/CasualGameSounds/DM-CGS-21.wav
  artifactKey: Guid(ffb159a21c8a04135a5616979c828fab) Importer(815301076,1909f56bfc062723c751e8b465ee728b)
Start importing Assets/CasualGameSounds/DM-CGS-21.wav using Guid(ffb159a21c8a04135a5616979c828fab) Importer(815301076,1909f56bfc062723c751e8b465ee728b)  -> (artifact id: '9b09ebde3132dc25e2135902450cb2e0') in 0.019844 seconds
  Import took 0.030774 seconds .

========================================================================
Received Import Request.
  Time since last request: 2.434342 seconds.
  path: Assets/CasualGameSounds/DM-CGS-22.wav
  artifactKey: Guid(d8d04c6f80a1140db85ede568dab1f51) Importer(815301076,1909f56bfc062723c751e8b465ee728b)
Start importing Assets/CasualGameSounds/DM-CGS-22.wav using Guid(d8d04c6f80a1140db85ede568dab1f51) Importer(815301076,1909f56bfc062723c751e8b465ee728b)  -> (artifact id: '5d122909f19df84d32c6d5a51199b029') in 0.027405 seconds
  Import took 0.057032 seconds .

========================================================================
Received Import Request.
  Time since last request: 0.000256 seconds.
  path: Assets/CasualGameSounds/DM-CGS-23.wav
  artifactKey: Guid(a0ca8964c08d54c5dbebf245bdc474ca) Importer(815301076,1909f56bfc062723c751e8b465ee728b)
Start importing Assets/CasualGameSounds/DM-CGS-23.wav using Guid(a0ca8964c08d54c5dbebf245bdc474ca) Importer(815301076,1909f56bfc062723c751e8b465ee728b)  -> (artifact id: '70ce4c938ac309d20afc1395bffd53e0') in 0.018052 seconds
  Import took 0.046387 seconds .

========================================================================
Received Import Request.
  Time since last request: 0.374631 seconds.
  path: Assets/CasualGameSounds/DM-CGS-24.wav
  artifactKey: Guid(657578e4be6b64dbf9b09deada272e55) Importer(815301076,1909f56bfc062723c751e8b465ee728b)
Start importing Assets/CasualGameSounds/DM-CGS-24.wav using Guid(657578e4be6b64dbf9b09deada272e55) Importer(815301076,1909f56bfc062723c751e8b465ee728b)  -> (artifact id: 'e703f5ee971a354ff9ce39575e99e110') in 0.022649 seconds
  Import took 0.070935 seconds .

========================================================================
Received Import Request.
  Time since last request: 0.000498 seconds.
  path: Assets/CasualGameSounds/DM-CGS-25.wav
  artifactKey: Guid(5fdb13d3756c84fecac96f5a2d124370) Importer(815301076,1909f56bfc062723c751e8b465ee728b)
Start importing Assets/CasualGameSounds/DM-CGS-25.wav using Guid(5fdb13d3756c84fecac96f5a2d124370) Importer(815301076,1909f56bfc062723c751e8b465ee728b)  -> (artifact id: 'c1cbc22a4851d28d546f384cbfeeb0c3') in 0.024521 seconds
  Import took 0.070096 seconds .

========================================================================
Received Import Request.
  Time since last request: 0.091924 seconds.
  path: Assets/CasualGameSounds/DM-CGS-26.wav
  artifactKey: Guid(7bd6b897eb5ca4b7d88a205c4a51640c) Importer(815301076,1909f56bfc062723c751e8b465ee728b)
Start importing Assets/CasualGameSounds/DM-CGS-26.wav using Guid(7bd6b897eb5ca4b7d88a205c4a51640c) Importer(815301076,1909f56bfc062723c751e8b465ee728b)  -> (artifact id: '40d3ded4a43449911488668c6a7b7e98') in 0.040831 seconds
  Import took 0.134374 seconds .

========================================================================
Received Import Request.
  Time since last request: 0.000461 seconds.
  path: Assets/CasualGameSounds/DM-CGS-27.wav
  artifactKey: Guid(5039414d94a6e4e70a5ab9e8833e992a) Importer(815301076,1909f56bfc062723c751e8b465ee728b)
Start importing Assets/CasualGameSounds/DM-CGS-27.wav using Guid(5039414d94a6e4e70a5ab9e8833e992a) Importer(815301076,1909f56bfc062723c751e8b465ee728b)  -> (artifact id: 'd58d8018df764aa01c1830127fd76e91') in 0.024069 seconds
  Import took 0.090895 seconds .

========================================================================
Received Import Request.
  Time since last request: 3.531811 seconds.
  path: Assets/CasualGameSounds/DM-CGS-28.wav
  artifactKey: Guid(79180f511d89441b9aa23ccae1992fe0) Importer(815301076,1909f56bfc062723c751e8b465ee728b)
Start importing Assets/CasualGameSounds/DM-CGS-28.wav using Guid(79180f511d89441b9aa23ccae1992fe0) Importer(815301076,1909f56bfc062723c751e8b465ee728b)  -> (artifact id: '1edb0c5ae2119ea43eda83d053449f42') in 0.024374 seconds
  Import took 0.118078 seconds .

========================================================================
Received Import Request.
  Time since last request: 0.000440 seconds.
  path: Assets/CasualGameSounds/DM-CGS-30.wav
  artifactKey: Guid(130a177e727814a2ea78a886ab72213d) Importer(815301076,1909f56bfc062723c751e8b465ee728b)
Start importing Assets/CasualGameSounds/DM-CGS-30.wav using Guid(130a177e727814a2ea78a886ab72213d) Importer(815301076,1909f56bfc062723c751e8b465ee728b)  -> (artifact id: '637d10e720b81f7e15d8b678c857c7d0') in 0.029781 seconds
  Import took 0.061967 seconds .

========================================================================
Received Import Request.
  Time since last request: 0.000421 seconds.
  path: Assets/CasualGameSounds/DM-CGS-29.wav
  artifactKey: Guid(80e397195ea2940b69ee7bdbded856a5) Importer(815301076,1909f56bfc062723c751e8b465ee728b)
Start importing Assets/CasualGameSounds/DM-CGS-29.wav using Guid(80e397195ea2940b69ee7bdbded856a5) Importer(815301076,1909f56bfc062723c751e8b465ee728b)  -> (artifact id: '5d0a6b40be9c9cbaf64cdf14ad16585b') in 0.024490 seconds
  Import took 0.036745 seconds .

========================================================================
Received Import Request.
  Time since last request: 0.000432 seconds.
  path: Assets/CasualGameSounds/DM-CGS-31.wav
  artifactKey: Guid(cf6c0e7fbef9449c98a0cdb5ea0c4d9f) Importer(815301076,1909f56bfc062723c751e8b465ee728b)
Start importing Assets/CasualGameSounds/DM-CGS-31.wav using Guid(cf6c0e7fbef9449c98a0cdb5ea0c4d9f) Importer(815301076,1909f56bfc062723c751e8b465ee728b)  -> (artifact id: '717d96b8242d377ee07d9ede3f6bfa54') in 0.021629 seconds
  Import took 0.049363 seconds .

========================================================================
Received Import Request.
  Time since last request: 2.416891 seconds.
  path: Assets/CasualGameSounds/DM-CGS-32.wav
  artifactKey: Guid(29bde6326b4c34ad8a12da475f79b50a) Importer(815301076,1909f56bfc062723c751e8b465ee728b)
Start importing Assets/CasualGameSounds/DM-CGS-32.wav using Guid(29bde6326b4c34ad8a12da475f79b50a) Importer(815301076,1909f56bfc062723c751e8b465ee728b)  -> (artifact id: '0c6367ec0fb435b00b4c78777bc26d10') in 0.021442 seconds
  Import took 0.066162 seconds .

========================================================================
Received Import Request.
  Time since last request: 0.000350 seconds.
  path: Assets/CasualGameSounds/DM-CGS-33.wav
  artifactKey: Guid(35fbad8cdde724f11ba6481f1e64af71) Importer(815301076,1909f56bfc062723c751e8b465ee728b)
Start importing Assets/CasualGameSounds/DM-CGS-33.wav using Guid(35fbad8cdde724f11ba6481f1e64af71) Importer(815301076,1909f56bfc062723c751e8b465ee728b)  -> (artifact id: 'a35dd6da5c05e461ad74aef77574b350') in 0.018003 seconds
  Import took 0.073360 seconds .

========================================================================
Received Import Request.
  Time since last request: 2.976342 seconds.
  path: Assets/CasualGameSounds/DM-CGS-34.wav
  artifactKey: Guid(881e3f52c86c94f26a60718d35627cd8) Importer(815301076,1909f56bfc062723c751e8b465ee728b)
Start importing Assets/CasualGameSounds/DM-CGS-34.wav using Guid(881e3f52c86c94f26a60718d35627cd8) Importer(815301076,1909f56bfc062723c751e8b465ee728b)  -> (artifact id: 'aa2cc9eb830f4f0f0f9b135f38939a86') in 0.034204 seconds
  Import took 0.098887 seconds .

========================================================================
Received Import Request.
  Time since last request: 0.000369 seconds.
  path: Assets/CasualGameSounds/DM-CGS-35.wav
  artifactKey: Guid(89e6bc608da7b47d4914f3d9c2484e48) Importer(815301076,1909f56bfc062723c751e8b465ee728b)
Start importing Assets/CasualGameSounds/DM-CGS-35.wav using Guid(89e6bc608da7b47d4914f3d9c2484e48) Importer(815301076,1909f56bfc062723c751e8b465ee728b)  -> (artifact id: 'f6a7c693a5e3d332a6c084a7158c9a60') in 0.025276 seconds
  Import took 0.060220 seconds .

========================================================================
Received Import Request.
  Time since last request: 0.000648 seconds.
  path: Assets/CasualGameSounds/DM-CGS-36.wav
  artifactKey: Guid(df729d213c4be44a9b55cd109f5cd4f9) Importer(815301076,1909f56bfc062723c751e8b465ee728b)
Start importing Assets/CasualGameSounds/DM-CGS-36.wav using Guid(df729d213c4be44a9b55cd109f5cd4f9) Importer(815301076,1909f56bfc062723c751e8b465ee728b)  -> (artifact id: 'fe138de2c585b553f801d6e3b1070d99') in 0.033202 seconds
  Import took 0.057454 seconds .

========================================================================
Received Import Request.
  Time since last request: 0.000909 seconds.
  path: Assets/CasualGameSounds/DM-CGS-37.wav
  artifactKey: Guid(a931da70ee74947d5a047de583170ade) Importer(815301076,1909f56bfc062723c751e8b465ee728b)
Start importing Assets/CasualGameSounds/DM-CGS-37.wav using Guid(a931da70ee74947d5a047de583170ade) Importer(815301076,1909f56bfc062723c751e8b465ee728b)  -> (artifact id: '444ddcd5b6bc142336cdfa6393b94851') in 0.035455 seconds
  Import took 0.099399 seconds .

========================================================================
Received Import Request.
  Time since last request: 0.554028 seconds.
  path: Assets/CasualGameSounds/DM-CGS-38.wav
  artifactKey: Guid(84e427d6b66ab4066b6a4dcd0ce819ee) Importer(815301076,1909f56bfc062723c751e8b465ee728b)
Start importing Assets/CasualGameSounds/DM-CGS-38.wav using Guid(84e427d6b66ab4066b6a4dcd0ce819ee) Importer(815301076,1909f56bfc062723c751e8b465ee728b)  -> (artifact id: 'b87afbd3547c44d6979317f08040b3a8') in 0.033043 seconds
  Import took 0.137540 seconds .

========================================================================
Received Import Request.
  Time since last request: 0.000433 seconds.
  path: Assets/CasualGameSounds/DM-CGS-39.wav
  artifactKey: Guid(3becec1909f194046945d85ac1077772) Importer(815301076,1909f56bfc062723c751e8b465ee728b)
Start importing Assets/CasualGameSounds/DM-CGS-39.wav using Guid(3becec1909f194046945d85ac1077772) Importer(815301076,1909f56bfc062723c751e8b465ee728b)  -> (artifact id: 'd7aff05de84b43720ef6d74808dda133') in 0.024640 seconds
  Import took 0.049177 seconds .

========================================================================
Received Import Request.
  Time since last request: 0.000378 seconds.
  path: Assets/CasualGameSounds/DM-CGS-45.wav
  artifactKey: Guid(52320e590bf774734a288886eba557ba) Importer(815301076,1909f56bfc062723c751e8b465ee728b)
Start importing Assets/CasualGameSounds/DM-CGS-45.wav using Guid(52320e590bf774734a288886eba557ba) Importer(815301076,1909f56bfc062723c751e8b465ee728b)  -> (artifact id: 'bfffc167c610bfd4f30a18e1618ae49b') in 0.023560 seconds
  Import took 0.068113 seconds .

========================================================================
Received Import Request.
  Time since last request: 0.000398 seconds.
  path: Assets/CasualGameSounds/DM-CGS-42.wav
  artifactKey: Guid(38a17a92b9d9748c6a1e67972041b833) Importer(815301076,1909f56bfc062723c751e8b465ee728b)
Start importing Assets/CasualGameSounds/DM-CGS-42.wav using Guid(38a17a92b9d9748c6a1e67972041b833) Importer(815301076,1909f56bfc062723c751e8b465ee728b)  -> (artifact id: 'fcd31de2354ead79040de3bd0f1cae26') in 0.036903 seconds
  Import took 0.077108 seconds .

========================================================================
Received Import Request.
  Time since last request: 0.000491 seconds.
  path: Assets/CasualGameSounds/DM-CGS-40.wav
  artifactKey: Guid(0994c12e202f342459a4212e7287f7e8) Importer(815301076,1909f56bfc062723c751e8b465ee728b)
Start importing Assets/CasualGameSounds/DM-CGS-40.wav using Guid(0994c12e202f342459a4212e7287f7e8) Importer(815301076,1909f56bfc062723c751e8b465ee728b)  -> (artifact id: '26c213332a6460983540fc13488643d0') in 0.022860 seconds
  Import took 0.056073 seconds .

========================================================================
Received Import Request.
  Time since last request: 0.000461 seconds.
  path: Assets/CasualGameSounds/DM-CGS-43.wav
  artifactKey: Guid(4b4dd7245f6104c8c8eb07ccf6b386ed) Importer(815301076,1909f56bfc062723c751e8b465ee728b)
Start importing Assets/CasualGameSounds/DM-CGS-43.wav using Guid(4b4dd7245f6104c8c8eb07ccf6b386ed) Importer(815301076,1909f56bfc062723c751e8b465ee728b)  -> (artifact id: '2881b46f36317d7c5041493b743d2979') in 0.026802 seconds
  Import took 0.055153 seconds .

========================================================================
Received Import Request.
  Time since last request: 0.000420 seconds.
  path: Assets/CasualGameSounds/DM-CGS-41.wav
  artifactKey: Guid(7e9ee6dc04a5d40d1a5dfc4beb9865e7) Importer(815301076,1909f56bfc062723c751e8b465ee728b)
Start importing Assets/CasualGameSounds/DM-CGS-41.wav using Guid(7e9ee6dc04a5d40d1a5dfc4beb9865e7) Importer(815301076,1909f56bfc062723c751e8b465ee728b)  -> (artifact id: 'c081a230174dc04f2374f812b70fe263') in 0.022476 seconds
  Import took 0.033007 seconds .

========================================================================
Received Import Request.
  Time since last request: 0.000433 seconds.
  path: Assets/CasualGameSounds/DM-CGS-44.wav
  artifactKey: Guid(b43d102aac6b145468dcaa94a5cccae1) Importer(815301076,1909f56bfc062723c751e8b465ee728b)
Start importing Assets/CasualGameSounds/DM-CGS-44.wav using Guid(b43d102aac6b145468dcaa94a5cccae1) Importer(815301076,1909f56bfc062723c751e8b465ee728b)  -> (artifact id: '485bb828d62aa2a84bbc55fd10344f12') in 0.030442 seconds
  Import took 0.048194 seconds .

========================================================================
Received Import Request.
  Time since last request: 0.684660 seconds.
  path: Assets/CasualGameSounds/DM-CGS-46.wav
  artifactKey: Guid(fe0b1f9aeb45b41b089175aeeabd5d95) Importer(815301076,1909f56bfc062723c751e8b465ee728b)
Start importing Assets/CasualGameSounds/DM-CGS-46.wav using Guid(fe0b1f9aeb45b41b089175aeeabd5d95) Importer(815301076,1909f56bfc062723c751e8b465ee728b)  -> (artifact id: '2a2b4f7dc55e6d1b12ec41d58fc64e45') in 0.030660 seconds
  Import took 0.067270 seconds .

========================================================================
Received Import Request.
  Time since last request: 0.000314 seconds.
  path: Assets/CasualGameSounds/DM-CGS-47.wav
  artifactKey: Guid(d46323e22e74e46baa241cbf48c85671) Importer(815301076,1909f56bfc062723c751e8b465ee728b)
Start importing Assets/CasualGameSounds/DM-CGS-47.wav using Guid(d46323e22e74e46baa241cbf48c85671) Importer(815301076,1909f56bfc062723c751e8b465ee728b)  -> (artifact id: '218b1c358f83e6f0fb50d55c3d542340') in 0.021619 seconds
  Import took 0.055335 seconds .

========================================================================
Received Import Request.
  Time since last request: 0.000313 seconds.
  path: Assets/CasualGameSounds/DM-CGS-48.wav
  artifactKey: Guid(7e26c9daf4c32483b9c2790e662d3f1b) Importer(815301076,1909f56bfc062723c751e8b465ee728b)
Start importing Assets/CasualGameSounds/DM-CGS-48.wav using Guid(7e26c9daf4c32483b9c2790e662d3f1b) Importer(815301076,1909f56bfc062723c751e8b465ee728b)  -> (artifact id: '3078afce931288a6feb5628e221af2ca') in 0.019613 seconds
  Import took 0.045380 seconds .

========================================================================
Received Import Request.
  Time since last request: 0.000427 seconds.
  path: Assets/CasualGameSounds/DM-CGS-49.wav
  artifactKey: Guid(7bef0064f8567430cac22499c6b93d4f) Importer(815301076,1909f56bfc062723c751e8b465ee728b)
Start importing Assets/CasualGameSounds/DM-CGS-49.wav using Guid(7bef0064f8567430cac22499c6b93d4f) Importer(815301076,1909f56bfc062723c751e8b465ee728b)  -> (artifact id: '5899b13b82f288b6548c04632515f41b') in 0.023802 seconds
  Import took 0.038115 seconds .

========================================================================
Received Import Request.
  Time since last request: 0.000368 seconds.
  path: Assets/CasualGameSounds/DM-CGS-50.wav
  artifactKey: Guid(79e6baad2fd414b82a6d49ce1568d2e5) Importer(815301076,1909f56bfc062723c751e8b465ee728b)
Start importing Assets/CasualGameSounds/DM-CGS-50.wav using Guid(79e6baad2fd414b82a6d49ce1568d2e5) Importer(815301076,1909f56bfc062723c751e8b465ee728b)  -> (artifact id: '682cb82a5abc90527d2a05f864f18ee2') in 0.017920 seconds
  Import took 0.056875 seconds .

========================================================================
Received Import Request.
  Time since last request: 506.949220 seconds.
  path: Assets/Audio/zapsplat_explosion_designed_whoosh_wood_crack_metal_hit_71691.mp3
  artifactKey: Guid(d25e94c76204b7848becfe8b291e6c1d) Importer(815301076,1909f56bfc062723c751e8b465ee728b)
Start importing Assets/Audio/zapsplat_explosion_designed_whoosh_wood_crack_metal_hit_71691.mp3 using Guid(d25e94c76204b7848becfe8b291e6c1d) Importer(815301076,1909f56bfc062723c751e8b465ee728b)  -> (artifact id: '584b6444ed476e1e81927875aacacf7a') in 0.063245 seconds
  Import took 0.072794 seconds .

========================================================================
Received Import Request.
  Time since last request: 0.000605 seconds.
  path: Assets/Audio/zapsplat_explosion_large_with_whoosh_metal_glass_wood_002_71693.mp3
  artifactKey: Guid(ef96921bf59590248b561b5c41665db4) Importer(815301076,1909f56bfc062723c751e8b465ee728b)
Start importing Assets/Audio/zapsplat_explosion_large_with_whoosh_metal_glass_wood_002_71693.mp3 using Guid(ef96921bf59590248b561b5c41665db4) Importer(815301076,1909f56bfc062723c751e8b465ee728b)  -> (artifact id: '6790c6033ca8dc0fde5ff94a44ae8ee2') in 0.026251 seconds
  Import took 0.034190 seconds .

========================================================================
Received Import Request.
  Time since last request: 0.000293 seconds.
  path: Assets/Audio/zapsplat_explosion_large_with_whoosh_metal_glass_wood_004_71695.mp3
  artifactKey: Guid(e3d4593bcae237946b117a03834f50c9) Importer(815301076,1909f56bfc062723c751e8b465ee728b)
Start importing Assets/Audio/zapsplat_explosion_large_with_whoosh_metal_glass_wood_004_71695.mp3 using Guid(e3d4593bcae237946b117a03834f50c9) Importer(815301076,1909f56bfc062723c751e8b465ee728b)  -> (artifact id: '7f0ce24222c0852812aa6c4209a1697f') in 0.019877 seconds
  Import took 0.063903 seconds .

========================================================================
Received Import Request.
  Time since last request: 63.578701 seconds.
  path: Assets/Prefabs/new scene/enemy_mod.prefab
  artifactKey: Guid(32e74ebedc005bc40a18fc9eb596d5e0) Importer(815301076,1909f56bfc062723c751e8b465ee728b)
Start importing Assets/Prefabs/new scene/enemy_mod.prefab using Guid(32e74ebedc005bc40a18fc9eb596d5e0) Importer(815301076,1909f56bfc062723c751e8b465ee728b)  -> (artifact id: '38493b822f22fe2cdd2bdd2ad8c7da62') in 0.434869 seconds
  Import took 0.461346 seconds .

========================================================================
Received Prepare
Registering precompiled user dll's ...
Registered in 0.251592 seconds.
Begin MonoManager ReloadAssembly
Native extension for WindowsStandalone target not found
Native extension for WebGL target not found
Refreshing native plugins compatible for Editor in 1.06 ms, found 5 plugins.
Preloading 0 native plugins for Editor in 0.00 ms.
Mono: successfully reloaded assembly
- Completed reload, in  1.872 seconds
Platform modules already initialized, skipping
Switching build target platform(19) subTarget(0) extendedPlatform(0) -> platform(13) subTarget(537395200) extendedPlatform(0)
Shader 'Universal Render Pipeline/Particles/Lit': fallback shader 'Universal Render Pipeline/Particles/SimpleLit' not found
Refreshing native plugins compatible for Editor in 1.56 ms, found 5 plugins.
Preloading 0 native plugins for Editor in 0.00 ms.
Unloading 2758 Unused Serialized files (Serialized files now loaded: 0)
System memory in use before: 228.5 MB.
System memory in use after: 228.7 MB.

Unloading 22 unused Assets to reduce memory usage. Loaded Objects now: 3434.
Total: 6.084100 ms (FindLiveObjects: 0.642100 ms CreateObjectMapping: 0.230900 ms MarkObjects: 5.073100 ms  DeleteObjects: 0.135200 ms)

AssetImportParameters requested are different than current active one (requested -> active):
  custom:graphics/normal-map-encoding: 01000000000000000000000000000000 -> 02000000000000000000000000000000
========================================================================
Received Import Request.
  Time since last request: 126.876350 seconds.
  path: Assets/Prefabs/new scene/enemy_mod.prefab
  artifactKey: Guid(32e74ebedc005bc40a18fc9eb596d5e0) Importer(815301076,1909f56bfc062723c751e8b465ee728b)
Start importing Assets/Prefabs/new scene/enemy_mod.prefab using Guid(32e74ebedc005bc40a18fc9eb596d5e0) Importer(815301076,1909f56bfc062723c751e8b465ee728b)  -> (artifact id: 'b8af8912b33aeadc1deca1b17bec1398') in 0.699484 seconds
  Import took 0.756357 seconds .

========================================================================
Received Prepare
Registering precompiled user dll's ...
Registered in 0.005172 seconds.
Begin MonoManager ReloadAssembly
Native extension for WindowsStandalone target not found
Native extension for WebGL target not found
Refreshing native plugins compatible for Editor in 1.04 ms, found 5 plugins.
Preloading 0 native plugins for Editor in 0.00 ms.
Mono: successfully reloaded assembly
- Completed reload, in  1.738 seconds
Platform modules already initialized, skipping
Switching build target platform(19) subTarget(0) extendedPlatform(0) -> platform(13) subTarget(537395200) extendedPlatform(0)
Shader 'Universal Render Pipeline/Particles/Lit': fallback shader 'Universal Render Pipeline/Particles/SimpleLit' not found
Refreshing native plugins compatible for Editor in 1.48 ms, found 5 plugins.
Preloading 0 native plugins for Editor in 0.00 ms.
Unloading 2758 Unused Serialized files (Serialized files now loaded: 0)
System memory in use before: 228.7 MB.
System memory in use after: 228.9 MB.

Unloading 22 unused Assets to reduce memory usage. Loaded Objects now: 3473.
Total: 5.781900 ms (FindLiveObjects: 0.482800 ms CreateObjectMapping: 0.591100 ms MarkObjects: 4.573800 ms  DeleteObjects: 0.131700 ms)

AssetImportParameters requested are different than current active one (requested -> active):
  custom:graphics/normal-map-encoding: 01000000000000000000000000000000 -> 02000000000000000000000000000000
========================================================================
Received Prepare
Registering precompiled user dll's ...
Registered in 0.007124 seconds.
Begin MonoManager ReloadAssembly
Native extension for WindowsStandalone target not found
Native extension for WebGL target not found
Refreshing native plugins compatible for Editor in 1.01 ms, found 5 plugins.
Preloading 0 native plugins for Editor in 0.00 ms.
Mono: successfully reloaded assembly
- Completed reload, in  1.985 seconds
Platform modules already initialized, skipping
Switching build target platform(19) subTarget(0) extendedPlatform(0) -> platform(13) subTarget(537395200) extendedPlatform(0)
Shader 'Universal Render Pipeline/Particles/Lit': fallback shader 'Universal Render Pipeline/Particles/SimpleLit' not found
Refreshing native plugins compatible for Editor in 0.95 ms, found 5 plugins.
Preloading 0 native plugins for Editor in 0.00 ms.
Unloading 2758 Unused Serialized files (Serialized files now loaded: 0)
System memory in use before: 228.7 MB.
System memory in use after: 228.9 MB.

Unloading 22 unused Assets to reduce memory usage. Loaded Objects now: 3476.
Total: 3.800200 ms (FindLiveObjects: 0.500400 ms CreateObjectMapping: 0.178400 ms MarkObjects: 3.034500 ms  DeleteObjects: 0.084800 ms)

AssetImportParameters requested are different than current active one (requested -> active):
  custom:graphics/normal-map-encoding: 01000000000000000000000000000000 -> 02000000000000000000000000000000
========================================================================
Received Import Request.
  Time since last request: 306.642072 seconds.
  path: Assets/Prefabs/new scene/enemy_mod.prefab
  artifactKey: Guid(32e74ebedc005bc40a18fc9eb596d5e0) Importer(815301076,1909f56bfc062723c751e8b465ee728b)
Start importing Assets/Prefabs/new scene/enemy_mod.prefab using Guid(32e74ebedc005bc40a18fc9eb596d5e0) Importer(815301076,1909f56bfc062723c751e8b465ee728b)  -> (artifact id: 'ff0e21ca7e73659573fa713983b22950') in 0.304415 seconds
  Import took 0.354155 seconds .

========================================================================
Received Prepare
Registering precompiled user dll's ...
Registered in 0.005214 seconds.
Begin MonoManager ReloadAssembly
Native extension for WindowsStandalone target not found
Native extension for WebGL target not found
Refreshing native plugins compatible for Editor in 1.40 ms, found 5 plugins.
Preloading 0 native plugins for Editor in 0.00 ms.
Mono: successfully reloaded assembly
- Completed reload, in  1.910 seconds
Platform modules already initialized, skipping
Switching build target platform(19) subTarget(0) extendedPlatform(0) -> platform(13) subTarget(537395200) extendedPlatform(0)
Shader 'Universal Render Pipeline/Particles/Lit': fallback shader 'Universal Render Pipeline/Particles/SimpleLit' not found
Refreshing native plugins compatible for Editor in 1.45 ms, found 5 plugins.
Preloading 0 native plugins for Editor in 0.00 ms.
Unloading 2758 Unused Serialized files (Serialized files now loaded: 0)
System memory in use before: 228.9 MB.
System memory in use after: 229.1 MB.

Unloading 22 unused Assets to reduce memory usage. Loaded Objects now: 3515.
Total: 5.971000 ms (FindLiveObjects: 0.646300 ms CreateObjectMapping: 0.197800 ms MarkObjects: 4.992400 ms  DeleteObjects: 0.131200 ms)

AssetImportParameters requested are different than current active one (requested -> active):
  custom:graphics/normal-map-encoding: 01000000000000000000000000000000 -> 02000000000000000000000000000000
========================================================================
Received Import Request.
  Time since last request: 80.773034 seconds.
  path: Assets/Prefabs/new scene/enemy_mod.prefab
  artifactKey: Guid(32e74ebedc005bc40a18fc9eb596d5e0) Importer(815301076,1909f56bfc062723c751e8b465ee728b)
Start importing Assets/Prefabs/new scene/enemy_mod.prefab using Guid(32e74ebedc005bc40a18fc9eb596d5e0) Importer(815301076,1909f56bfc062723c751e8b465ee728b)  -> (artifact id: 'ca8ebede60cad60fba54b037ac4d2f81') in 0.540987 seconds
  Import took 0.624632 seconds .

========================================================================
Received Import Request.
  Time since last request: 0.641007 seconds.
  path: Assets/Prefabs/new scene/enemy_mod.prefab
  artifactKey: Guid(32e74ebedc005bc40a18fc9eb596d5e0) Importer(815301076,1909f56bfc062723c751e8b465ee728b)
Start importing Assets/Prefabs/new scene/enemy_mod.prefab using Guid(32e74ebedc005bc40a18fc9eb596d5e0) Importer(815301076,1909f56bfc062723c751e8b465ee728b)  -> (artifact id: '2f93f197358f3193b10b7e95099a392d') in 0.108470 seconds
  Import took 0.178709 seconds .

========================================================================
Received Import Request.
  Time since last request: 5.416722 seconds.
  path: Assets/Prefabs/new scene/enemy_mod.prefab
  artifactKey: Guid(32e74ebedc005bc40a18fc9eb596d5e0) Importer(815301076,1909f56bfc062723c751e8b465ee728b)
Start importing Assets/Prefabs/new scene/enemy_mod.prefab using Guid(32e74ebedc005bc40a18fc9eb596d5e0) Importer(815301076,1909f56bfc062723c751e8b465ee728b)  -> (artifact id: '8a282cd927bb79174456c7f1352cb7bb') in 0.127807 seconds
  Import took 0.201585 seconds .

========================================================================
Received Import Request.
  Time since last request: 9.117201 seconds.
  path: Assets/Prefabs/new scene/enemy_mod.prefab
  artifactKey: Guid(32e74ebedc005bc40a18fc9eb596d5e0) Importer(815301076,1909f56bfc062723c751e8b465ee728b)
Start importing Assets/Prefabs/new scene/enemy_mod.prefab using Guid(32e74ebedc005bc40a18fc9eb596d5e0) Importer(815301076,1909f56bfc062723c751e8b465ee728b)  -> (artifact id: 'c0a634938cd267c1ce689d078275e080') in 0.112956 seconds
  Import took 0.176565 seconds .

========================================================================
Received Import Request.
  Time since last request: 2.266831 seconds.
  path: Assets/Prefabs/new scene/enemy_mod.prefab
  artifactKey: Guid(32e74ebedc005bc40a18fc9eb596d5e0) Importer(815301076,1909f56bfc062723c751e8b465ee728b)
Start importing Assets/Prefabs/new scene/enemy_mod.prefab using Guid(32e74ebedc005bc40a18fc9eb596d5e0) Importer(815301076,1909f56bfc062723c751e8b465ee728b)  -> (artifact id: 'ac244260b2c5e3fdc196670fe5ea83d0') in 0.117298 seconds
  Import took 0.190416 seconds .

========================================================================
Received Import Request.
  Time since last request: 5.757400 seconds.
  path: Assets/Prefabs/new scene/enemy_mod.prefab
  artifactKey: Guid(32e74ebedc005bc40a18fc9eb596d5e0) Importer(815301076,1909f56bfc062723c751e8b465ee728b)
Start importing Assets/Prefabs/new scene/enemy_mod.prefab using Guid(32e74ebedc005bc40a18fc9eb596d5e0) Importer(815301076,1909f56bfc062723c751e8b465ee728b)  -> (artifact id: 'abd235d1f6ba29e201ca513041941b9a') in 0.084594 seconds
  Import took 0.161478 seconds .

========================================================================
Received Import Request.
  Time since last request: 2.256949 seconds.
  path: Assets/Prefabs/new scene/enemy_mod.prefab
  artifactKey: Guid(32e74ebedc005bc40a18fc9eb596d5e0) Importer(815301076,1909f56bfc062723c751e8b465ee728b)
Start importing Assets/Prefabs/new scene/enemy_mod.prefab using Guid(32e74ebedc005bc40a18fc9eb596d5e0) Importer(815301076,1909f56bfc062723c751e8b465ee728b)  -> (artifact id: 'b756381b47deca2f2e0d16f34dcd9ba3') in 0.135726 seconds
  Import took 0.195221 seconds .

========================================================================
Received Prepare
Registering precompiled user dll's ...
Registered in 0.005949 seconds.
Begin MonoManager ReloadAssembly
Native extension for WindowsStandalone target not found
Native extension for WebGL target not found
Refreshing native plugins compatible for Editor in 1.42 ms, found 5 plugins.
Preloading 0 native plugins for Editor in 0.00 ms.
Mono: successfully reloaded assembly
- Completed reload, in  2.147 seconds
Platform modules already initialized, skipping
Switching build target platform(19) subTarget(0) extendedPlatform(0) -> platform(13) subTarget(537395200) extendedPlatform(0)
Shader 'Universal Render Pipeline/Particles/Lit': fallback shader 'Universal Render Pipeline/Particles/SimpleLit' not found
Refreshing native plugins compatible for Editor in 1.49 ms, found 5 plugins.
Preloading 0 native plugins for Editor in 0.00 ms.
Unloading 2758 Unused Serialized files (Serialized files now loaded: 0)
System memory in use before: 229.1 MB.
System memory in use after: 229.3 MB.

Unloading 22 unused Assets to reduce memory usage. Loaded Objects now: 3554.
Total: 5.745800 ms (FindLiveObjects: 0.529000 ms CreateObjectMapping: 0.183100 ms MarkObjects: 4.890500 ms  DeleteObjects: 0.140700 ms)

AssetImportParameters requested are different than current active one (requested -> active):
  custom:graphics/normal-map-encoding: 01000000000000000000000000000000 -> 02000000000000000000000000000000
========================================================================
Received Import Request.
  Time since last request: 390.318463 seconds.
  path: Assets/Audio/1audioedit.mp3
  artifactKey: Guid(aa3efc8bc6017774cbef5ef147eec685) Importer(815301076,1909f56bfc062723c751e8b465ee728b)
Start importing Assets/Audio/1audioedit.mp3 using Guid(aa3efc8bc6017774cbef5ef147eec685) Importer(815301076,1909f56bfc062723c751e8b465ee728b)  -> (artifact id: 'ff0f4b7f3c851b501e562ae201887d7d') in 0.091804 seconds
  Import took 0.100112 seconds .

========================================================================
Received Import Request.
  Time since last request: 0.000401 seconds.
  path: Assets/Audio/3audioedit.mp3
  artifactKey: Guid(8a0c771377063ff43a6e1a4bb0526c3a) Importer(815301076,1909f56bfc062723c751e8b465ee728b)
Start importing Assets/Audio/3audioedit.mp3 using Guid(8a0c771377063ff43a6e1a4bb0526c3a) Importer(815301076,1909f56bfc062723c751e8b465ee728b)  -> (artifact id: '2eba7179df019821b13df8658efe1111') in 0.023285 seconds
  Import took 0.092069 seconds .

========================================================================
Received Import Request.
  Time since last request: 0.000380 seconds.
  path: Assets/Audio/2audioedit.mp3
  artifactKey: Guid(37cc41667f2aa0a4f97b07e0daed2554) Importer(815301076,1909f56bfc062723c751e8b465ee728b)
Start importing Assets/Audio/2audioedit.mp3 using Guid(37cc41667f2aa0a4f97b07e0daed2554) Importer(815301076,1909f56bfc062723c751e8b465ee728b)  -> (artifact id: '4e35f551c0132d79938d93672f002595') in 0.031229 seconds
  Import took 0.059536 seconds .

========================================================================
Received Import Request.
  Time since last request: 5.218562 seconds.
  path: Assets/Prefabs/new scene/enemy_mod.prefab
  artifactKey: Guid(32e74ebedc005bc40a18fc9eb596d5e0) Importer(815301076,1909f56bfc062723c751e8b465ee728b)
Start importing Assets/Prefabs/new scene/enemy_mod.prefab using Guid(32e74ebedc005bc40a18fc9eb596d5e0) Importer(815301076,1909f56bfc062723c751e8b465ee728b)  -> (artifact id: 'be319159d87fbec1c0cc905eea81663b') in 0.516026 seconds
  Import took 0.574609 seconds .

========================================================================
Received Import Request.
  Time since last request: 1.698376 seconds.
  path: Assets/Prefabs/new scene/enemy_mod.prefab
  artifactKey: Guid(32e74ebedc005bc40a18fc9eb596d5e0) Importer(815301076,1909f56bfc062723c751e8b465ee728b)
Start importing Assets/Prefabs/new scene/enemy_mod.prefab using Guid(32e74ebedc005bc40a18fc9eb596d5e0) Importer(815301076,1909f56bfc062723c751e8b465ee728b)  -> (artifact id: '7955ae0236d529664a124301598748fd') in 0.104613 seconds
  Import took 0.171197 seconds .

========================================================================
Received Import Request.
  Time since last request: 2.052533 seconds.
  path: Assets/Prefabs/new scene/enemy_mod.prefab
  artifactKey: Guid(32e74ebedc005bc40a18fc9eb596d5e0) Importer(815301076,1909f56bfc062723c751e8b465ee728b)
Start importing Assets/Prefabs/new scene/enemy_mod.prefab using Guid(32e74ebedc005bc40a18fc9eb596d5e0) Importer(815301076,1909f56bfc062723c751e8b465ee728b)  -> (artifact id: 'b2431adddcafa1296657131a5704a22c') in 0.114424 seconds
  Import took 0.187803 seconds .

========================================================================
Received Prepare
Registering precompiled user dll's ...
Registered in 0.008931 seconds.
Begin MonoManager ReloadAssembly
Native extension for WindowsStandalone target not found
Native extension for WebGL target not found
Refreshing native plugins compatible for Editor in 1.46 ms, found 5 plugins.
Preloading 0 native plugins for Editor in 0.00 ms.
Mono: successfully reloaded assembly
- Completed reload, in  1.944 seconds
Platform modules already initialized, skipping
Switching build target platform(19) subTarget(0) extendedPlatform(0) -> platform(13) subTarget(537395200) extendedPlatform(0)
Shader 'Universal Render Pipeline/Particles/Lit': fallback shader 'Universal Render Pipeline/Particles/SimpleLit' not found
Refreshing native plugins compatible for Editor in 1.07 ms, found 5 plugins.
Preloading 0 native plugins for Editor in 0.00 ms.
Unloading 2758 Unused Serialized files (Serialized files now loaded: 0)
System memory in use before: 229.3 MB.
System memory in use after: 229.5 MB.

Unloading 22 unused Assets to reduce memory usage. Loaded Objects now: 3593.
Total: 4.121000 ms (FindLiveObjects: 0.389100 ms CreateObjectMapping: 0.140700 ms MarkObjects: 3.497400 ms  DeleteObjects: 0.092100 ms)

AssetImportParameters requested are different than current active one (requested -> active):
  custom:graphics/normal-map-encoding: 01000000000000000000000000000000 -> 02000000000000000000000000000000
========================================================================
Received Import Request.
  Time since last request: 58.242685 seconds.
  path: Assets/Prefabs/new scene/enemy_mod.prefab
  artifactKey: Guid(32e74ebedc005bc40a18fc9eb596d5e0) Importer(815301076,1909f56bfc062723c751e8b465ee728b)
Start importing Assets/Prefabs/new scene/enemy_mod.prefab using Guid(32e74ebedc005bc40a18fc9eb596d5e0) Importer(815301076,1909f56bfc062723c751e8b465ee728b)  -> (artifact id: '3ccea6a1414c15a41c9bd5800232f54b') in 0.355814 seconds
  Import took 0.426297 seconds .

========================================================================
Received Import Request.
  Time since last request: 433.125109 seconds.
  path: Assets/Animations
  artifactKey: Guid(3d4b473380323fc458cf0c4435b82442) Importer(815301076,1909f56bfc062723c751e8b465ee728b)
Start importing Assets/Animations using Guid(3d4b473380323fc458cf0c4435b82442) Importer(815301076,1909f56bfc062723c751e8b465ee728b)  -> (artifact id: '4b3f47356aa1876aa858517feb407cb4') in 0.013076 seconds
  Import took 0.087901 seconds .

========================================================================
Received Import Request.
  Time since last request: 12.157633 seconds.
  path: Assets/Animations/island-beach-3854.mp3
  artifactKey: Guid(b22ce845e4784f542a204cb83ce21974) Importer(815301076,1909f56bfc062723c751e8b465ee728b)
Start importing Assets/Animations/island-beach-3854.mp3 using Guid(b22ce845e4784f542a204cb83ce21974) Importer(815301076,1909f56bfc062723c751e8b465ee728b)  -> (artifact id: '66a1925dc7c06082e52727665db4f92c') in 0.041512 seconds
  Import took 0.116550 seconds .

========================================================================
Received Prepare
Registering precompiled user dll's ...
Registered in 0.005158 seconds.
Begin MonoManager ReloadAssembly
Native extension for WindowsStandalone target not found
Native extension for WebGL target not found
Refreshing native plugins compatible for Editor in 1.49 ms, found 5 plugins.
Preloading 0 native plugins for Editor in 0.00 ms.
Mono: successfully reloaded assembly
- Completed reload, in  2.246 seconds
Platform modules already initialized, skipping
Switching build target platform(19) subTarget(0) extendedPlatform(0) -> platform(13) subTarget(537395200) extendedPlatform(0)
Shader 'Universal Render Pipeline/Particles/Lit': fallback shader 'Universal Render Pipeline/Particles/SimpleLit' not found
Refreshing native plugins compatible for Editor in 1.34 ms, found 5 plugins.
Preloading 0 native plugins for Editor in 0.00 ms.
Unloading 2758 Unused Serialized files (Serialized files now loaded: 0)
System memory in use before: 229.4 MB.
System memory in use after: 229.6 MB.

Unloading 22 unused Assets to reduce memory usage. Loaded Objects now: 3632.
Total: 6.156900 ms (FindLiveObjects: 0.718300 ms CreateObjectMapping: 0.262200 ms MarkObjects: 5.035300 ms  DeleteObjects: 0.138400 ms)

AssetImportParameters requested are different than current active one (requested -> active):
  custom:graphics/normal-map-encoding: 01000000000000000000000000000000 -> 02000000000000000000000000000000
========================================================================
Received Prepare
Registering precompiled user dll's ...
Registered in 0.008967 seconds.
Begin MonoManager ReloadAssembly
Native extension for WindowsStandalone target not found
Native extension for WebGL target not found
Refreshing native plugins compatible for Editor in 0.96 ms, found 5 plugins.
Preloading 0 native plugins for Editor in 0.00 ms.
Mono: successfully reloaded assembly
- Completed reload, in  2.129 seconds
Platform modules already initialized, skipping
Switching build target platform(19) subTarget(0) extendedPlatform(0) -> platform(13) subTarget(537395200) extendedPlatform(0)
Shader 'Universal Render Pipeline/Particles/Lit': fallback shader 'Universal Render Pipeline/Particles/SimpleLit' not found
Refreshing native plugins compatible for Editor in 1.43 ms, found 5 plugins.
Preloading 0 native plugins for Editor in 0.00 ms.
Unloading 2758 Unused Serialized files (Serialized files now loaded: 0)
System memory in use before: 229.4 MB.
System memory in use after: 229.6 MB.

Unloading 22 unused Assets to reduce memory usage. Loaded Objects now: 3635.
Total: 6.648100 ms (FindLiveObjects: 0.523400 ms CreateObjectMapping: 0.181700 ms MarkObjects: 5.801400 ms  DeleteObjects: 0.138800 ms)

AssetImportParameters requested are different than current active one (requested -> active):
  custom:graphics/normal-map-encoding: 01000000000000000000000000000000 -> 02000000000000000000000000000000
========================================================================
Received Import Request.
  Time since last request: 247.792512 seconds.
  path: Assets/Audio/mainmenumusic.mp3
  artifactKey: Guid(6410bd208b4e6604cb45b437e38512a0) Importer(815301076,1909f56bfc062723c751e8b465ee728b)
Start importing Assets/Audio/mainmenumusic.mp3 using Guid(6410bd208b4e6604cb45b437e38512a0) Importer(815301076,1909f56bfc062723c751e8b465ee728b)  -> (artifact id: '80a10aa3490d81e7cc80dbd2dfd3fcca') in 0.130719 seconds
  Import took 0.209095 seconds .

========================================================================
Received Prepare
Registering precompiled user dll's ...
Registered in 0.008666 seconds.
Begin MonoManager ReloadAssembly
Native extension for WindowsStandalone target not found
Native extension for WebGL target not found
Refreshing native plugins compatible for Editor in 1.43 ms, found 5 plugins.
Preloading 0 native plugins for Editor in 0.00 ms.
Mono: successfully reloaded assembly
- Completed reload, in  2.327 seconds
Platform modules already initialized, skipping
Switching build target platform(19) subTarget(0) extendedPlatform(0) -> platform(13) subTarget(537395200) extendedPlatform(0)
Shader 'Universal Render Pipeline/Particles/Lit': fallback shader 'Universal Render Pipeline/Particles/SimpleLit' not found
Refreshing native plugins compatible for Editor in 1.24 ms, found 5 plugins.
Preloading 0 native plugins for Editor in 0.00 ms.
Unloading 2758 Unused Serialized files (Serialized files now loaded: 0)
System memory in use before: 229.4 MB.
System memory in use after: 229.6 MB.

Unloading 22 unused Assets to reduce memory usage. Loaded Objects now: 3639.
Total: 4.290400 ms (FindLiveObjects: 0.403300 ms CreateObjectMapping: 0.172200 ms MarkObjects: 3.613500 ms  DeleteObjects: 0.098900 ms)

AssetImportParameters requested are different than current active one (requested -> active):
  custom:graphics/normal-map-encoding: 01000000000000000000000000000000 -> 02000000000000000000000000000000
========================================================================
Received Prepare
Shader 'Universal Render Pipeline/Particles/Lit': fallback shader 'Universal Render Pipeline/Particles/SimpleLit' not found
Refreshing native plugins compatible for Editor in 10.40 ms, found 5 plugins.
Preloading 0 native plugins for Editor in 0.00 ms.
Unloading 20 Unused Serialized files (Serialized files now loaded: 0)
System memory in use before: 179.1 MB.
System memory in use after: 179.3 MB.

Unloading 20 unused Assets to reduce memory usage. Loaded Objects now: 3639.
Total: 6.375600 ms (FindLiveObjects: 0.540700 ms CreateObjectMapping: 0.183600 ms MarkObjects: 5.458300 ms  DeleteObjects: 0.190400 ms)

========================================================================
Received Import Request.
  Time since last request: 2478.687334 seconds.
  path: Assets/Scenes/main game.unity
  artifactKey: Guid(65534ebdf6356344e80de85eae5154e7) Importer(815301076,1909f56bfc062723c751e8b465ee728b)
Start importing Assets/Scenes/main game.unity using Guid(65534ebdf6356344e80de85eae5154e7) Importer(815301076,1909f56bfc062723c751e8b465ee728b)  -> (artifact id: '43bf661daa84facad90979a9a55ddbaa') in 0.143785 seconds
  Import took 0.205654 seconds .

AssetImportWorkerClient::OnTransportError - code=2 error=End of file
